# JRE version: Java(TM) SE Runtime Environment (14.0.1+7) (build 14.0.1+7)
# Java VM: Java HotSpot(TM) 64-Bit Server VM (14.0.1+7, mixed mode, sharing, tiered, compressed oops, g1 gc, windows-amd64)
Heap:
 garbage-first heap   total 249856K, used 180129K [0x00000000a0000000, 0x0000000100000000)
  region size 1024K, 43 young (44032K), 5 survivors (5120K)
 Metaspace       used 73498K, capacity 78024K, committed 78204K, reserved 1116160K
  class space    used 10033K, capacity 11343K, committed 11388K, reserved 1048576K
GC Heap History (20 events):
Event: 16.458 GC heap before
{Heap before GC invocations=30 (full 0):
 garbage-first heap   total 134144K, used 106019K [0x00000000a0000000, 0x0000000100000000)
  region size 1024K, 50 young (51200K), 5 survivors (5120K)
 Metaspace       used 61248K, capacity 63356K, committed 63612K, reserved 1103872K
  class space    used 8331K, capacity 9056K, committed 9084K, reserved 1048576K
}
Event: 16.472 GC heap after
{Heap after GC invocations=31 (full 0):
 garbage-first heap   total 134144K, used 66581K [0x00000000a0000000, 0x0000000100000000)
  region size 1024K, 7 young (7168K), 7 survivors (7168K)
 Metaspace       used 61248K, capacity 63356K, committed 63612K, reserved 1103872K
  class space    used 8331K, capacity 9056K, committed 9084K, reserved 1048576K
}
Event: 17.666 GC heap before
{Heap before GC invocations=32 (full 0):
 garbage-first heap   total 134144K, used 114709K [0x00000000a0000000, 0x0000000100000000)
  region size 1024K, 49 young (50176K), 7 survivors (7168K)
 Metaspace       used 62565K, capacity 64771K, committed 64892K, reserved 1105920K
  class space    used 8504K, capacity 9264K, committed 9340K, reserved 1048576K
}
Event: 17.685 GC heap after
{Heap after GC invocations=33 (full 0):
 garbage-first heap   total 134144K, used 80580K [0x00000000a0000000, 0x0000000100000000)
  region size 1024K, 7 young (7168K), 7 survivors (7168K)
 Metaspace       used 62565K, capacity 64771K, committed 64892K, reserved 1105920K
  class space    used 8504K, capacity 9264K, committed 9340K, reserved 1048576K
}
Event: 18.430 GC heap before
{Heap before GC invocations=33 (full 0):
 garbage-first heap   total 134144K, used 109252K [0x00000000a0000000, 0x0000000100000000)
  region size 1024K, 36 young (36864K), 7 survivors (7168K)
 Metaspace       used 63702K, capacity 66288K, committed 66428K, reserved 1105920K
  class space    used 8647K, capacity 9495K, committed 9596K, reserved 1048576K
}
Event: 18.446 GC heap after
{Heap after GC invocations=34 (full 0):
 garbage-first heap   total 134144K, used 88406K [0x00000000a0000000, 0x0000000100000000)
  region size 1024K, 5 young (5120K), 5 survivors (5120K)
 Metaspace       used 63702K, capacity 66288K, committed 66428K, reserved 1105920K
  class space    used 8647K, capacity 9495K, committed 9596K, reserved 1048576K
}
Event: 19.097 GC heap before
{Heap before GC invocations=35 (full 0):
 garbage-first heap   total 158720K, used 107862K [0x00000000a0000000, 0x0000000100000000)
  region size 1024K, 25 young (25600K), 5 survivors (5120K)
 Metaspace       used 64101K, capacity 67111K, committed 67324K, reserved 1107968K
  class space    used 8704K, capacity 9624K, committed 9724K, reserved 1048576K
}
Event: 19.111 GC heap after
{Heap after GC invocations=36 (full 0):
 garbage-first heap   total 190464K, used 92855K [0x00000000a0000000, 0x0000000100000000)
  region size 1024K, 4 young (4096K), 4 survivors (4096K)
 Metaspace       used 64101K, capacity 67111K, committed 67324K, reserved 1107968K
  class space    used 8704K, capacity 9624K, committed 9724K, reserved 1048576K
}
Event: 20.442 GC heap before
{Heap before GC invocations=36 (full 0):
 garbage-first heap   total 190464K, used 144055K [0x00000000a0000000, 0x0000000100000000)
  region size 1024K, 55 young (56320K), 4 survivors (4096K)
 Metaspace       used 64822K, capacity 68576K, committed 68860K, reserved 1107968K
  class space    used 8808K, capacity 9884K, committed 9980K, reserved 1048576K
}
Event: 20.462 GC heap after
{Heap after GC invocations=37 (full 0):
 garbage-first heap   total 190464K, used 101057K [0x00000000a0000000, 0x0000000100000000)
  region size 1024K, 7 young (7168K), 7 survivors (7168K)
 Metaspace       used 64822K, capacity 68576K, committed 68860K, reserved 1107968K
  class space    used 8808K, capacity 9884K, committed 9980K, reserved 1048576K
}
Event: 21.139 GC heap before
{Heap before GC invocations=38 (full 0):
 garbage-first heap   total 190464K, used 122561K [0x00000000a0000000, 0x0000000100000000)
  region size 1024K, 29 young (29696K), 7 survivors (7168K)
 Metaspace       used 65079K, capacity 69094K, committed 69244K, reserved 1107968K
  class space    used 8848K, capacity 9988K, committed 10108K, reserved 1048576K
}
Event: 21.159 GC heap after
{Heap after GC invocations=39 (full 0):
 garbage-first heap   total 190464K, used 106025K [0x00000000a0000000, 0x0000000100000000)
  region size 1024K, 5 young (5120K), 5 survivors (5120K)
 Metaspace       used 65079K, capacity 69094K, committed 69244K, reserved 1107968K
  class space    used 8848K, capacity 9988K, committed 10108K, reserved 1048576K
}
Event: 22.917 GC heap before
{Heap before GC invocations=40 (full 0):
 garbage-first heap   total 201728K, used 151081K [0x00000000a0000000, 0x0000000100000000)
  region size 1024K, 46 young (47104K), 5 survivors (5120K)
 Metaspace       used 66342K, capacity 70541K, committed 70780K, reserved 1110016K
  class space    used 9015K, capacity 10234K, committed 10364K, reserved 1048576K
}
Event: 22.936 GC heap after
{Heap after GC invocations=41 (full 0):
 garbage-first heap   total 201728K, used 117174K [0x00000000a0000000, 0x0000000100000000)
  region size 1024K, 6 young (6144K), 6 survivors (6144K)
 Metaspace       used 66342K, capacity 70541K, committed 70780K, reserved 1110016K
  class space    used 9015K, capacity 10234K, committed 10364K, reserved 1048576K
}
Event: 24.221 GC heap before
{Heap before GC invocations=41 (full 0):
 garbage-first heap   total 201728K, used 159158K [0x00000000a0000000, 0x0000000100000000)
  region size 1024K, 47 young (48128K), 6 survivors (6144K)
 Metaspace       used 70249K, capacity 74511K, committed 74620K, reserved 1114112K
  class space    used 9585K, capacity 10776K, committed 10876K, reserved 1048576K
}
Event: 24.239 GC heap after
{Heap after GC invocations=42 (full 0):
 garbage-first heap   total 242688K, used 120772K [0x00000000a0000000, 0x0000000100000000)
  region size 1024K, 3 young (3072K), 3 survivors (3072K)
 Metaspace       used 70249K, capacity 74511K, committed 74620K, reserved 1114112K
  class space    used 9585K, capacity 10776K, committed 10876K, reserved 1048576K
}
Event: 27.235 GC heap before
{Heap before GC invocations=43 (full 0):
 garbage-first heap   total 242688K, used 182212K [0x00000000a0000000, 0x0000000100000000)
  region size 1024K, 64 young (65536K), 3 survivors (3072K)
 Metaspace       used 71756K, capacity 76133K, committed 76284K, reserved 1114112K
  class space    used 9751K, capacity 10974K, committed 11004K, reserved 1048576K
}
Event: 27.268 GC heap after
{Heap after GC invocations=44 (full 0):
 garbage-first heap   total 242688K, used 135596K [0x00000000a0000000, 0x0000000100000000)
  region size 1024K, 8 young (8192K), 8 survivors (8192K)
 Metaspace       used 71756K, capacity 76133K, committed 76284K, reserved 1114112K
  class space    used 9751K, capacity 10974K, committed 11004K, reserved 1048576K
}
Event: 28.245 GC heap before
{Heap before GC invocations=44 (full 0):
 garbage-first heap   total 242688K, used 162220K [0x00000000a0000000, 0x0000000100000000)
  region size 1024K, 36 young (36864K), 8 survivors (8192K)
 Metaspace       used 72721K, capacity 77143K, committed 77308K, reserved 1116160K
  class space    used 9892K, capacity 11155K, committed 11260K, reserved 1048576K
}
Event: 28.269 GC heap after
{Heap after GC invocations=45 (full 0):
 garbage-first heap   total 242688K, used 141217K [0x00000000a0000000, 0x0000000100000000)
  region size 1024K, 5 young (5120K), 5 survivors (5120K)
 Metaspace       used 72721K, capacity 77143K, committed 77308K, reserved 1116160K
  class space    used 9892K, capacity 11155K, committed 11260K, reserved 1048576K
}

