# JRE version: OpenJDK Runtime Environment (8.0_202-b03) (build 1.8.0_202-release-1483-b03)
# Java VM: OpenJDK 64-Bit Server VM (25.202-b03 mixed mode windows-amd64 compressed oops)
Heap:
 PSYoungGen      total 392192K, used 66387K [0x00000000e0000000, 0x0000000100000000, 0x0000000100000000)
  eden space 319488K, 20% used [0x00000000e0000000,0x00000000e40d4e28,0x00000000f3800000)
  from space 72704K, 0% used [0x00000000fb900000,0x00000000fb900000,0x0000000100000000)
  to   space 102400K, 0% used [0x00000000f3800000,0x00000000f3800000,0x00000000f9c00000)
 ParOldGen       total 504320K, used 280905K [0x00000000a0000000, 0x00000000bec80000, 0x00000000e0000000)
  object space 504320K, 55% used [0x00000000a0000000,0x00000000b1252478,0x00000000bec80000)
 Metaspace       used 158744K, capacity 167027K, committed 167168K, reserved 1193984K
  class space    used 20392K, capacity 21937K, committed 22016K, reserved 1048576K
GC Heap History (10 events):
Event: 892.147 GC heap before
{Heap before GC invocations=28 (full 5):
 PSYoungGen      total 453632K, used 387584K [0x00000000e0000000, 0x00000000ffb80000, 0x0000000100000000)
  eden space 387584K, 100% used [0x00000000e0000000,0x00000000f7a80000,0x00000000f7a80000)
  from space 66048K, 0% used [0x00000000fbb00000,0x00000000fbb00000,0x00000000ffb80000)
  to   space 66048K, 0% used [0x00000000f7a80000,0x00000000f7a80000,0x00000000fbb00000)
 ParOldGen       total 320000K, used 137360K [0x00000000a0000000, 0x00000000b3880000, 0x00000000e0000000)
  object space 320000K, 42% used [0x00000000a0000000,0x00000000a8624178,0x00000000b3880000)
 Metaspace       used 153917K, capacity 161601K, committed 161920K, reserved 1189888K
  class space    used 19814K, capacity 21294K, committed 21376K, reserved 1048576K
Event: 892.244 GC heap after
Heap after GC invocations=28 (full 5):
 PSYoungGen      total 443392K, used 55390K [0x00000000e0000000, 0x0000000100000000, 0x0000000100000000)
  eden space 387584K, 0% used [0x00000000e0000000,0x00000000e0000000,0x00000000f7a80000)
  from space 55808K, 99% used [0x00000000f7a80000,0x00000000fb097988,0x00000000fb100000)
  to   space 72704K, 0% used [0x00000000fb900000,0x00000000fb900000,0x0000000100000000)
 ParOldGen       total 320000K, used 137368K [0x00000000a0000000, 0x00000000b3880000, 0x00000000e0000000)
  object space 320000K, 42% used [0x00000000a0000000,0x00000000a8626178,0x00000000b3880000)
 Metaspace       used 153917K, capacity 161601K, committed 161920K, reserved 1189888K
  class space    used 19814K, capacity 21294K, committed 21376K, reserved 1048576K
}
Event: 902.711 GC heap before
{Heap before GC invocations=29 (full 5):
 PSYoungGen      total 443392K, used 442974K [0x00000000e0000000, 0x0000000100000000, 0x0000000100000000)
  eden space 387584K, 100% used [0x00000000e0000000,0x00000000f7a80000,0x00000000f7a80000)
  from space 55808K, 99% used [0x00000000f7a80000,0x00000000fb097988,0x00000000fb100000)
  to   space 72704K, 0% used [0x00000000fb900000,0x00000000fb900000,0x0000000100000000)
 ParOldGen       total 320000K, used 137368K [0x00000000a0000000, 0x00000000b3880000, 0x00000000e0000000)
  object space 320000K, 42% used [0x00000000a0000000,0x00000000a8626178,0x00000000b3880000)
 Metaspace       used 154767K, capacity 162565K, committed 162816K, reserved 1189888K
  class space    used 19882K, capacity 21390K, committed 21504K, reserved 1048576K
Event: 902.753 GC heap after
Heap after GC invocations=29 (full 5):
 PSYoungGen      total 454144K, used 35053K [0x00000000e0000000, 0x0000000100000000, 0x0000000100000000)
  eden space 381440K, 0% used [0x00000000e0000000,0x00000000e0000000,0x00000000f7480000)
  from space 72704K, 48% used [0x00000000fb900000,0x00000000fdb3b668,0x0000000100000000)
  to   space 70144K, 0% used [0x00000000f7480000,0x00000000f7480000,0x00000000fb900000)
 ParOldGen       total 320000K, used 152225K [0x00000000a0000000, 0x00000000b3880000, 0x00000000e0000000)
  object space 320000K, 47% used [0x00000000a0000000,0x00000000a94a8738,0x00000000b3880000)
 Metaspace       used 154767K, capacity 162565K, committed 162816K, reserved 1189888K
  class space    used 19882K, capacity 21390K, committed 21504K, reserved 1048576K
}
Event: 905.839 GC heap before
{Heap before GC invocations=30 (full 5):
 PSYoungGen      total 454144K, used 416493K [0x00000000e0000000, 0x0000000100000000, 0x0000000100000000)
  eden space 381440K, 100% used [0x00000000e0000000,0x00000000f7480000,0x00000000f7480000)
  from space 72704K, 48% used [0x00000000fb900000,0x00000000fdb3b668,0x0000000100000000)
  to   space 70144K, 0% used [0x00000000f7480000,0x00000000f7480000,0x00000000fb900000)
 ParOldGen       total 320000K, used 152225K [0x00000000a0000000, 0x00000000b3880000, 0x00000000e0000000)
  object space 320000K, 47% used [0x00000000a0000000,0x00000000a94a8738,0x00000000b3880000)
 Metaspace       used 156482K, capacity 164475K, committed 164608K, reserved 1191936K
  class space    used 20114K, capacity 21641K, committed 21760K, reserved 1048576K
Event: 906.007 GC heap after
Heap after GC invocations=30 (full 5):
 PSYoungGen      total 451584K, used 70125K [0x00000000e0000000, 0x0000000100000000, 0x0000000100000000)
  eden space 381440K, 0% used [0x00000000e0000000,0x00000000e0000000,0x00000000f7480000)
  from space 70144K, 99% used [0x00000000f7480000,0x00000000fb8fb4a8,0x00000000fb900000)
  to   space 72704K, 0% used [0x00000000fb900000,0x00000000fb900000,0x0000000100000000)
 ParOldGen       total 320000K, used 198243K [0x00000000a0000000, 0x00000000b3880000, 0x00000000e0000000)
  object space 320000K, 61% used [0x00000000a0000000,0x00000000ac198fc0,0x00000000b3880000)
 Metaspace       used 156482K, capacity 164475K, committed 164608K, reserved 1191936K
  class space    used 20114K, capacity 21641K, committed 21760K, reserved 1048576K
}
Event: 909.409 GC heap before
{Heap before GC invocations=31 (full 5):
 PSYoungGen      total 451584K, used 451565K [0x00000000e0000000, 0x0000000100000000, 0x0000000100000000)
  eden space 381440K, 100% used [0x00000000e0000000,0x00000000f7480000,0x00000000f7480000)
  from space 70144K, 99% used [0x00000000f7480000,0x00000000fb8fb4a8,0x00000000fb900000)
  to   space 72704K, 0% used [0x00000000fb900000,0x00000000fb900000,0x0000000100000000)
 ParOldGen       total 320000K, used 198243K [0x00000000a0000000, 0x00000000b3880000, 0x00000000e0000000)
  object space 320000K, 61% used [0x00000000a0000000,0x00000000ac198fc0,0x00000000b3880000)
 Metaspace       used 157187K, capacity 165281K, committed 165376K, reserved 1193984K
  class space    used 20201K, capacity 21722K, committed 21760K, reserved 1048576K
Event: 909.594 GC heap after
Heap after GC invocations=31 (full 5):
 PSYoungGen      total 392192K, used 66979K [0x00000000e0000000, 0x0000000100000000, 0x0000000100000000)
  eden space 319488K, 0% used [0x00000000e0000000,0x00000000e0000000,0x00000000f3800000)
  from space 72704K, 92% used [0x00000000fb900000,0x00000000ffa68d70,0x0000000100000000)
  to   space 102400K, 0% used [0x00000000f3800000,0x00000000f3800000,0x00000000f9c00000)
 ParOldGen       total 320000K, used 265290K [0x00000000a0000000, 0x00000000b3880000, 0x00000000e0000000)
  object space 320000K, 82% used [0x00000000a0000000,0x00000000b0312b00,0x00000000b3880000)
 Metaspace       used 157187K, capacity 165281K, committed 165376K, reserved 1193984K
  class space    used 20201K, capacity 21722K, committed 21760K, reserved 1048576K
}
Event: 909.594 GC heap before
{Heap before GC invocations=32 (full 6):
 PSYoungGen      total 392192K, used 66979K [0x00000000e0000000, 0x0000000100000000, 0x0000000100000000)
  eden space 319488K, 0% used [0x00000000e0000000,0x00000000e0000000,0x00000000f3800000)
  from space 72704K, 92% used [0x00000000fb900000,0x00000000ffa68d70,0x0000000100000000)
  to   space 102400K, 0% used [0x00000000f3800000,0x00000000f3800000,0x00000000f9c00000)
 ParOldGen       total 320000K, used 265290K [0x00000000a0000000, 0x00000000b3880000, 0x00000000e0000000)
  object space 320000K, 82% used [0x00000000a0000000,0x00000000b0312b00,0x00000000b3880000)
 Metaspace       used 157187K, capacity 165281K, committed 165376K, reserved 1193984K
  class space    used 20201K, capacity 21722K, committed 21760K, reserved 1048576K
Event: 911.200 GC heap after
Heap after GC invocations=32 (full 6):
 PSYoungGen      total 392192K, used 0K [0x00000000e0000000, 0x0000000100000000, 0x0000000100000000)
  eden space 319488K, 0% used [0x00000000e0000000,0x00000000e0000000,0x00000000f3800000)
  from space 72704K, 0% used [0x00000000fb900000,0x00000000fb900000,0x0000000100000000)
  to   space 102400K, 0% used [0x00000000f3800000,0x00000000f3800000,0x00000000f9c00000)
 ParOldGen       total 504320K, used 280905K [0x00000000a0000000, 0x00000000bec80000, 0x00000000e0000000)
  object space 504320K, 55% used [0x00000000a0000000,0x00000000b1252478,0x00000000bec80000)
 Metaspace       used 157179K, capacity 165259K, committed 165376K, reserved 1193984K
  class space    used 20198K, capacity 21717K, committed 21760K, reserved 1048576K
}

