# JRE version: OpenJDK Runtime Environment (8.0_202-b03) (build 1.8.0_202-release-1483-b03)
# Java VM: OpenJDK 64-Bit Server VM (25.202-b03 mixed mode windows-amd64 compressed oops)
Heap:
 PSYoungGen      total 265216K, used 123256K [0x00000000e0000000, 0x00000000f4c80000, 0x0000000100000000)
  eden space 242688K, 41% used [0x00000000e0000000,0x00000000e6262348,0x00000000eed00000)
  from space 22528K, 99% used [0x00000000eed00000,0x00000000f02fbde8,0x00000000f0300000)
  to   space 26112K, 0% used [0x00000000f3300000,0x00000000f3300000,0x00000000f4c80000)
 ParOldGen       total 177152K, used 37119K [0x00000000a0000000, 0x00000000aad00000, 0x00000000e0000000)
  object space 177152K, 20% used [0x00000000a0000000,0x00000000a243fe98,0x00000000aad00000)
 Metaspace       used 69165K, capacity 73356K, committed 73600K, reserved 1112064K
  class space    used 9608K, capacity 10504K, committed 10624K, reserved 1048576K
GC Heap History (10 events):
Event: 8.584 GC heap before
{Heap before GC invocations=10 (full 2):
 PSYoungGen      total 173568K, used 160768K [0x00000000e0000000, 0x00000000ee600000, 0x0000000100000000)
  eden space 160768K, 100% used [0x00000000e0000000,0x00000000e9d00000,0x00000000e9d00000)
  from space 12800K, 0% used [0x00000000e9d00000,0x00000000e9d00000,0x00000000ea980000)
  to   space 14336K, 0% used [0x00000000ed800000,0x00000000ed800000,0x00000000ee600000)
 ParOldGen       total 118784K, used 17934K [0x00000000a0000000, 0x00000000a7400000, 0x00000000e0000000)
  object space 118784K, 15% used [0x00000000a0000000,0x00000000a1183940,0x00000000a7400000)
 Metaspace       used 40575K, capacity 42312K, committed 42624K, reserved 1085440K
  class space    used 5536K, capacity 5923K, committed 6016K, reserved 1048576K
Event: 8.604 GC heap after
Heap after GC invocations=10 (full 2):
 PSYoungGen      total 221184K, used 9737K [0x00000000e0000000, 0x00000000ee980000, 0x0000000100000000)
  eden space 206848K, 0% used [0x00000000e0000000,0x00000000e0000000,0x00000000eca00000)
  from space 14336K, 67% used [0x00000000ed800000,0x00000000ee182418,0x00000000ee600000)
  to   space 14336K, 0% used [0x00000000eca00000,0x00000000eca00000,0x00000000ed800000)
 ParOldGen       total 118784K, used 17934K [0x00000000a0000000, 0x00000000a7400000, 0x00000000e0000000)
  object space 118784K, 15% used [0x00000000a0000000,0x00000000a1183940,0x00000000a7400000)
 Metaspace       used 40575K, capacity 42312K, committed 42624K, reserved 1085440K
  class space    used 5536K, capacity 5923K, committed 6016K, reserved 1048576K
}
Event: 10.929 GC heap before
{Heap before GC invocations=11 (full 2):
 PSYoungGen      total 221184K, used 216585K [0x00000000e0000000, 0x00000000ee980000, 0x0000000100000000)
  eden space 206848K, 100% used [0x00000000e0000000,0x00000000eca00000,0x00000000eca00000)
  from space 14336K, 67% used [0x00000000ed800000,0x00000000ee182418,0x00000000ee600000)
  to   space 14336K, 0% used [0x00000000eca00000,0x00000000eca00000,0x00000000ed800000)
 ParOldGen       total 118784K, used 17934K [0x00000000a0000000, 0x00000000a7400000, 0x00000000e0000000)
  object space 118784K, 15% used [0x00000000a0000000,0x00000000a1183940,0x00000000a7400000)
 Metaspace       used 52375K, capacity 54570K, committed 54656K, reserved 1095680K
  class space    used 7007K, capacity 7468K, committed 7552K, reserved 1048576K
Event: 10.965 GC heap after
Heap after GC invocations=11 (full 2):
 PSYoungGen      total 221184K, used 14306K [0x00000000e0000000, 0x00000000f1580000, 0x0000000100000000)
  eden space 206848K, 0% used [0x00000000e0000000,0x00000000e0000000,0x00000000eca00000)
  from space 14336K, 99% used [0x00000000eca00000,0x00000000ed7f8ba0,0x00000000ed800000)
  to   space 18944K, 0% used [0x00000000f0300000,0x00000000f0300000,0x00000000f1580000)
 ParOldGen       total 118784K, used 26004K [0x00000000a0000000, 0x00000000a7400000, 0x00000000e0000000)
  object space 118784K, 21% used [0x00000000a0000000,0x00000000a19652d8,0x00000000a7400000)
 Metaspace       used 52375K, capacity 54570K, committed 54656K, reserved 1095680K
  class space    used 7007K, capacity 7468K, committed 7552K, reserved 1048576K
}
Event: 11.888 GC heap before
{Heap before GC invocations=12 (full 2):
 PSYoungGen      total 221184K, used 71951K [0x00000000e0000000, 0x00000000f1580000, 0x0000000100000000)
  eden space 206848K, 27% used [0x00000000e0000000,0x00000000e384b130,0x00000000eca00000)
  from space 14336K, 99% used [0x00000000eca00000,0x00000000ed7f8ba0,0x00000000ed800000)
  to   space 18944K, 0% used [0x00000000f0300000,0x00000000f0300000,0x00000000f1580000)
 ParOldGen       total 118784K, used 26004K [0x00000000a0000000, 0x00000000a7400000, 0x00000000e0000000)
  object space 118784K, 21% used [0x00000000a0000000,0x00000000a19652d8,0x00000000a7400000)
 Metaspace       used 56504K, capacity 59080K, committed 59096K, reserved 1099776K
  class space    used 7708K, capacity 8304K, committed 8320K, reserved 1048576K
Event: 11.920 GC heap after
Heap after GC invocations=12 (full 2):
 PSYoungGen      total 261632K, used 18940K [0x00000000e0000000, 0x00000000f2480000, 0x0000000100000000)
  eden space 242688K, 0% used [0x00000000e0000000,0x00000000e0000000,0x00000000eed00000)
  from space 18944K, 99% used [0x00000000f0300000,0x00000000f157f3a0,0x00000000f1580000)
  to   space 22528K, 0% used [0x00000000eed00000,0x00000000eed00000,0x00000000f0300000)
 ParOldGen       total 118784K, used 28099K [0x00000000a0000000, 0x00000000a7400000, 0x00000000e0000000)
  object space 118784K, 23% used [0x00000000a0000000,0x00000000a1b70ef0,0x00000000a7400000)
 Metaspace       used 56504K, capacity 59080K, committed 59096K, reserved 1099776K
  class space    used 7708K, capacity 8304K, committed 8320K, reserved 1048576K
}
Event: 11.920 GC heap before
{Heap before GC invocations=13 (full 3):
 PSYoungGen      total 261632K, used 18940K [0x00000000e0000000, 0x00000000f2480000, 0x0000000100000000)
  eden space 242688K, 0% used [0x00000000e0000000,0x00000000e0000000,0x00000000eed00000)
  from space 18944K, 99% used [0x00000000f0300000,0x00000000f157f3a0,0x00000000f1580000)
  to   space 22528K, 0% used [0x00000000eed00000,0x00000000eed00000,0x00000000f0300000)
 ParOldGen       total 118784K, used 28099K [0x00000000a0000000, 0x00000000a7400000, 0x00000000e0000000)
  object space 118784K, 23% used [0x00000000a0000000,0x00000000a1b70ef0,0x00000000a7400000)
 Metaspace       used 56504K, capacity 59080K, committed 59096K, reserved 1099776K
  class space    used 7708K, capacity 8304K, committed 8320K, reserved 1048576K
Event: 12.181 GC heap after
Heap after GC invocations=13 (full 3):
 PSYoungGen      total 261632K, used 0K [0x00000000e0000000, 0x00000000f2480000, 0x0000000100000000)
  eden space 242688K, 0% used [0x00000000e0000000,0x00000000e0000000,0x00000000eed00000)
  from space 18944K, 0% used [0x00000000f0300000,0x00000000f0300000,0x00000000f1580000)
  to   space 22528K, 0% used [0x00000000eed00000,0x00000000eed00000,0x00000000f0300000)
 ParOldGen       total 177152K, used 35763K [0x00000000a0000000, 0x00000000aad00000, 0x00000000e0000000)
  object space 177152K, 20% used [0x00000000a0000000,0x00000000a22ecff8,0x00000000aad00000)
 Metaspace       used 56490K, capacity 59032K, committed 59096K, reserved 1099776K
  class space    used 7704K, capacity 8296K, committed 8320K, reserved 1048576K
}
Event: 15.425 GC heap before
{Heap before GC invocations=14 (full 3):
 PSYoungGen      total 261632K, used 242688K [0x00000000e0000000, 0x00000000f2480000, 0x0000000100000000)
  eden space 242688K, 100% used [0x00000000e0000000,0x00000000eed00000,0x00000000eed00000)
  from space 18944K, 0% used [0x00000000f0300000,0x00000000f0300000,0x00000000f1580000)
  to   space 22528K, 0% used [0x00000000eed00000,0x00000000eed00000,0x00000000f0300000)
 ParOldGen       total 177152K, used 35763K [0x00000000a0000000, 0x00000000aad00000, 0x00000000e0000000)
  object space 177152K, 20% used [0x00000000a0000000,0x00000000a22ecff8,0x00000000aad00000)
 Metaspace       used 65713K, capacity 69542K, committed 69632K, reserved 1110016K
  class space    used 9098K, capacity 9914K, committed 9984K, reserved 1048576K
Event: 15.455 GC heap after
Heap after GC invocations=14 (full 3):
 PSYoungGen      total 265216K, used 22511K [0x00000000e0000000, 0x00000000f4c80000, 0x0000000100000000)
  eden space 242688K, 0% used [0x00000000e0000000,0x00000000e0000000,0x00000000eed00000)
  from space 22528K, 99% used [0x00000000eed00000,0x00000000f02fbde8,0x00000000f0300000)
  to   space 26112K, 0% used [0x00000000f3300000,0x00000000f3300000,0x00000000f4c80000)
 ParOldGen       total 177152K, used 37119K [0x00000000a0000000, 0x00000000aad00000, 0x00000000e0000000)
  object space 177152K, 20% used [0x00000000a0000000,0x00000000a243fe98,0x00000000aad00000)
 Metaspace       used 65713K, capacity 69542K, committed 69632K, reserved 1110016K
  class space    used 9098K, capacity 9914K, committed 9984K, reserved 1048576K
}

