# JRE version: OpenJDK Runtime Environment (8.0_202-b03) (build 1.8.0_202-release-1483-b03)
# Java VM: OpenJDK 64-Bit Server VM (25.202-b03 mixed mode windows-amd64 compressed oops)
Heap:
 PSYoungGen      total 403968K, used 130471K [0x00000000e0000000, 0x0000000100000000, 0x0000000100000000)
  eden space 336896K, 25% used [0x00000000e0000000,0x00000000e555d868,0x00000000f4900000)
  from space 67072K, 64% used [0x00000000fbe80000,0x00000000fe88c450,0x0000000100000000)
  to   space 93696K, 0% used [0x00000000f4900000,0x00000000f4900000,0x00000000fa480000)
 ParOldGen       total 322560K, used 252376K [0x00000000a0000000, 0x00000000b3b00000, 0x00000000e0000000)
  object space 322560K, 78% used [0x00000000a0000000,0x00000000af676268,0x00000000b3b00000)
 Metaspace       used 105033K, capacity 111848K, committed 112256K, reserved 1146880K
  class space    used 14135K, capacity 15396K, committed 15488K, reserved 1048576K
GC Heap History (10 events):
Event: 117.661 GC heap before
{Heap before GC invocations=25 (full 4):
 PSYoungGen      total 478208K, used 450384K [0x00000000e0000000, 0x00000000ffe00000, 0x0000000100000000)
  eden space 434176K, 100% used [0x00000000e0000000,0x00000000fa800000,0x00000000fa800000)
  from space 44032K, 36% used [0x00000000fd300000,0x00000000fe2d4200,0x00000000ffe00000)
  to   space 44032K, 0% used [0x00000000fa800000,0x00000000fa800000,0x00000000fd300000)
 ParOldGen       total 322560K, used 173319K [0x00000000a0000000, 0x00000000b3b00000, 0x00000000e0000000)
  object space 322560K, 53% used [0x00000000a0000000,0x00000000aa941cb0,0x00000000b3b00000)
 Metaspace       used 102525K, capacity 109260K, committed 109440K, reserved 1142784K
  class space    used 13882K, capacity 15148K, committed 15232K, reserved 1048576K
Event: 117.718 GC heap after
Heap after GC invocations=25 (full 4):
 PSYoungGen      total 478208K, used 22387K [0x00000000e0000000, 0x00000000ffe00000, 0x0000000100000000)
  eden space 434176K, 0% used [0x00000000e0000000,0x00000000e0000000,0x00000000fa800000)
  from space 44032K, 50% used [0x00000000fa800000,0x00000000fbddce80,0x00000000fd300000)
  to   space 43008K, 0% used [0x00000000fd400000,0x00000000fd400000,0x00000000ffe00000)
 ParOldGen       total 322560K, used 176263K [0x00000000a0000000, 0x00000000b3b00000, 0x00000000e0000000)
  object space 322560K, 54% used [0x00000000a0000000,0x00000000aac21d50,0x00000000b3b00000)
 Metaspace       used 102525K, capacity 109260K, committed 109440K, reserved 1142784K
  class space    used 13882K, capacity 15148K, committed 15232K, reserved 1048576K
}
Event: 119.968 GC heap before
{Heap before GC invocations=26 (full 4):
 PSYoungGen      total 478208K, used 456563K [0x00000000e0000000, 0x00000000ffe00000, 0x0000000100000000)
  eden space 434176K, 100% used [0x00000000e0000000,0x00000000fa800000,0x00000000fa800000)
  from space 44032K, 50% used [0x00000000fa800000,0x00000000fbddce80,0x00000000fd300000)
  to   space 43008K, 0% used [0x00000000fd400000,0x00000000fd400000,0x00000000ffe00000)
 ParOldGen       total 322560K, used 176263K [0x00000000a0000000, 0x00000000b3b00000, 0x00000000e0000000)
  object space 322560K, 54% used [0x00000000a0000000,0x00000000aac21d50,0x00000000b3b00000)
 Metaspace       used 103697K, capacity 110606K, committed 110848K, reserved 1144832K
  class space    used 14007K, capacity 15271K, committed 15360K, reserved 1048576K
Event: 120.246 GC heap after
Heap after GC invocations=26 (full 4):
 PSYoungGen      total 433152K, used 42976K [0x00000000e0000000, 0x0000000100000000, 0x0000000100000000)
  eden space 390144K, 0% used [0x00000000e0000000,0x00000000e0000000,0x00000000f7d00000)
  from space 43008K, 99% used [0x00000000fd400000,0x00000000ffdf8188,0x00000000ffe00000)
  to   space 67072K, 0% used [0x00000000f7d00000,0x00000000f7d00000,0x00000000fbe80000)
 ParOldGen       total 322560K, used 225223K [0x00000000a0000000, 0x00000000b3b00000, 0x00000000e0000000)
  object space 322560K, 69% used [0x00000000a0000000,0x00000000adbf1c70,0x00000000b3b00000)
 Metaspace       used 103697K, capacity 110606K, committed 110848K, reserved 1144832K
  class space    used 14007K, capacity 15271K, committed 15360K, reserved 1048576K
}
Event: 122.486 GC heap before
{Heap before GC invocations=27 (full 4):
 PSYoungGen      total 433152K, used 433120K [0x00000000e0000000, 0x0000000100000000, 0x0000000100000000)
  eden space 390144K, 100% used [0x00000000e0000000,0x00000000f7d00000,0x00000000f7d00000)
  from space 43008K, 99% used [0x00000000fd400000,0x00000000ffdf8188,0x00000000ffe00000)
  to   space 67072K, 0% used [0x00000000f7d00000,0x00000000f7d00000,0x00000000fbe80000)
 ParOldGen       total 322560K, used 225223K [0x00000000a0000000, 0x00000000b3b00000, 0x00000000e0000000)
  object space 322560K, 69% used [0x00000000a0000000,0x00000000adbf1c70,0x00000000b3b00000)
 Metaspace       used 104006K, capacity 110944K, committed 111104K, reserved 1144832K
  class space    used 14041K, capacity 15356K, committed 15360K, reserved 1048576K
Event: 122.780 GC heap after
Heap after GC invocations=27 (full 4):
 PSYoungGen      total 457216K, used 67055K [0x00000000e0000000, 0x0000000100000000, 0x0000000100000000)
  eden space 390144K, 0% used [0x00000000e0000000,0x00000000e0000000,0x00000000f7d00000)
  from space 67072K, 99% used [0x00000000f7d00000,0x00000000fbe7be10,0x00000000fbe80000)
  to   space 67072K, 0% used [0x00000000fbe80000,0x00000000fbe80000,0x0000000100000000)
 ParOldGen       total 322560K, used 277388K [0x00000000a0000000, 0x00000000b3b00000, 0x00000000e0000000)
  object space 322560K, 85% used [0x00000000a0000000,0x00000000b0ee31c0,0x00000000b3b00000)
 Metaspace       used 104006K, capacity 110944K, committed 111104K, reserved 1144832K
  class space    used 14041K, capacity 15356K, committed 15360K, reserved 1048576K
}
Event: 122.780 GC heap before
{Heap before GC invocations=28 (full 5):
 PSYoungGen      total 457216K, used 67055K [0x00000000e0000000, 0x0000000100000000, 0x0000000100000000)
  eden space 390144K, 0% used [0x00000000e0000000,0x00000000e0000000,0x00000000f7d00000)
  from space 67072K, 99% used [0x00000000f7d00000,0x00000000fbe7be10,0x00000000fbe80000)
  to   space 67072K, 0% used [0x00000000fbe80000,0x00000000fbe80000,0x0000000100000000)
 ParOldGen       total 322560K, used 277388K [0x00000000a0000000, 0x00000000b3b00000, 0x00000000e0000000)
  object space 322560K, 85% used [0x00000000a0000000,0x00000000b0ee31c0,0x00000000b3b00000)
 Metaspace       used 104006K, capacity 110944K, committed 111104K, reserved 1144832K
  class space    used 14041K, capacity 15356K, committed 15360K, reserved 1048576K
Event: 124.075 GC heap after
Heap after GC invocations=28 (full 5):
 PSYoungGen      total 457216K, used 0K [0x00000000e0000000, 0x0000000100000000, 0x0000000100000000)
  eden space 390144K, 0% used [0x00000000e0000000,0x00000000e0000000,0x00000000f7d00000)
  from space 67072K, 0% used [0x00000000f7d00000,0x00000000f7d00000,0x00000000fbe80000)
  to   space 67072K, 0% used [0x00000000fbe80000,0x00000000fbe80000,0x0000000100000000)
 ParOldGen       total 322560K, used 252368K [0x00000000a0000000, 0x00000000b3b00000, 0x00000000e0000000)
  object space 322560K, 78% used [0x00000000a0000000,0x00000000af674268,0x00000000b3b00000)
 Metaspace       used 103869K, capacity 110652K, committed 111104K, reserved 1144832K
  class space    used 13990K, capacity 15264K, committed 15360K, reserved 1048576K
}
Event: 128.447 GC heap before
{Heap before GC invocations=29 (full 5):
 PSYoungGen      total 457216K, used 390144K [0x00000000e0000000, 0x0000000100000000, 0x0000000100000000)
  eden space 390144K, 100% used [0x00000000e0000000,0x00000000f7d00000,0x00000000f7d00000)
  from space 67072K, 0% used [0x00000000f7d00000,0x00000000f7d00000,0x00000000fbe80000)
  to   space 67072K, 0% used [0x00000000fbe80000,0x00000000fbe80000,0x0000000100000000)
 ParOldGen       total 322560K, used 252368K [0x00000000a0000000, 0x00000000b3b00000, 0x00000000e0000000)
  object space 322560K, 78% used [0x00000000a0000000,0x00000000af674268,0x00000000b3b00000)
 Metaspace       used 104269K, capacity 111028K, committed 111488K, reserved 1144832K
  class space    used 14032K, capacity 15300K, committed 15488K, reserved 1048576K
Event: 128.485 GC heap after
Heap after GC invocations=29 (full 5):
 PSYoungGen      total 403968K, used 43057K [0x00000000e0000000, 0x0000000100000000, 0x0000000100000000)
  eden space 336896K, 0% used [0x00000000e0000000,0x00000000e0000000,0x00000000f4900000)
  from space 67072K, 64% used [0x00000000fbe80000,0x00000000fe88c450,0x0000000100000000)
  to   space 93696K, 0% used [0x00000000f4900000,0x00000000f4900000,0x00000000fa480000)
 ParOldGen       total 322560K, used 252376K [0x00000000a0000000, 0x00000000b3b00000, 0x00000000e0000000)
  object space 322560K, 78% used [0x00000000a0000000,0x00000000af676268,0x00000000b3b00000)
 Metaspace       used 104269K, capacity 111028K, committed 111488K, reserved 1144832K
  class space    used 14032K, capacity 15300K, committed 15488K, reserved 1048576K
}

