# JRE version: OpenJDK Runtime Environment (8.0_202-b03) (build 1.8.0_202-release-1483-b03)
# Java VM: OpenJDK 64-Bit Server VM (25.202-b03 mixed mode windows-amd64 compressed oops)
Heap:
 PSYoungGen      total 197632K, used 60626K [0x00000000e0000000, 0x00000000f0280000, 0x0000000100000000)
  eden space 182784K, 25% used [0x00000000e0000000,0x00000000e2cb7d60,0x00000000eb280000)
  from space 14848K, 99% used [0x00000000eb280000,0x00000000ec0fcd88,0x00000000ec100000)
  to   space 17920K, 0% used [0x00000000ef100000,0x00000000ef100000,0x00000000f0280000)
 ParOldGen       total 125440K, used 36249K [0x00000000a0000000, 0x00000000a7a80000, 0x00000000e0000000)
  object space 125440K, 28% used [0x00000000a0000000,0x00000000a23664d8,0x00000000a7a80000)
 Metaspace       used 68857K, capacity 72030K, committed 72192K, reserved 1112064K
  class space    used 9415K, capacity 10122K, committed 10240K, reserved 1048576K
GC Heap History (10 events):
Event: 18.270 GC heap before
{Heap before GC invocations=14 (full 2):
 PSYoungGen      total 108544K, used 100620K [0x00000000e0000000, 0x00000000e9e80000, 0x0000000100000000)
  eden space 95744K, 100% used [0x00000000e0000000,0x00000000e5d80000,0x00000000e5d80000)
  from space 12800K, 38% used [0x00000000e5d80000,0x00000000e6243390,0x00000000e6a00000)
  to   space 12288K, 0% used [0x00000000e9280000,0x00000000e9280000,0x00000000e9e80000)
 ParOldGen       total 84480K, used 14891K [0x00000000a0000000, 0x00000000a5280000, 0x00000000e0000000)
  object space 84480K, 17% used [0x00000000a0000000,0x00000000a0e8aea0,0x00000000a5280000)
 Metaspace       used 44366K, capacity 46078K, committed 46336K, reserved 1089536K
  class space    used 5913K, capacity 6308K, committed 6400K, reserved 1048576K
Event: 18.289 GC heap after
Heap after GC invocations=14 (full 2):
 PSYoungGen      total 144896K, used 8726K [0x00000000e0000000, 0x00000000e9c80000, 0x0000000100000000)
  eden space 134656K, 0% used [0x00000000e0000000,0x00000000e0000000,0x00000000e8380000)
  from space 10240K, 85% used [0x00000000e9280000,0x00000000e9b05888,0x00000000e9c80000)
  to   space 12800K, 0% used [0x00000000e8380000,0x00000000e8380000,0x00000000e9000000)
 ParOldGen       total 84480K, used 17009K [0x00000000a0000000, 0x00000000a5280000, 0x00000000e0000000)
  object space 84480K, 20% used [0x00000000a0000000,0x00000000a109c5d0,0x00000000a5280000)
 Metaspace       used 44366K, capacity 46078K, committed 46336K, reserved 1089536K
  class space    used 5913K, capacity 6308K, committed 6400K, reserved 1048576K
}
Event: 22.160 GC heap before
{Heap before GC invocations=15 (full 2):
 PSYoungGen      total 144896K, used 143382K [0x00000000e0000000, 0x00000000e9c80000, 0x0000000100000000)
  eden space 134656K, 100% used [0x00000000e0000000,0x00000000e8380000,0x00000000e8380000)
  from space 10240K, 85% used [0x00000000e9280000,0x00000000e9b05888,0x00000000e9c80000)
  to   space 12800K, 0% used [0x00000000e8380000,0x00000000e8380000,0x00000000e9000000)
 ParOldGen       total 84480K, used 17009K [0x00000000a0000000, 0x00000000a5280000, 0x00000000e0000000)
  object space 84480K, 20% used [0x00000000a0000000,0x00000000a109c5d0,0x00000000a5280000)
 Metaspace       used 54918K, capacity 56968K, committed 57088K, reserved 1099776K
  class space    used 7190K, capacity 7611K, committed 7680K, reserved 1048576K
Event: 22.190 GC heap after
Heap after GC invocations=15 (full 2):
 PSYoungGen      total 147456K, used 12797K [0x00000000e0000000, 0x00000000ed200000, 0x0000000100000000)
  eden space 134656K, 0% used [0x00000000e0000000,0x00000000e0000000,0x00000000e8380000)
  from space 12800K, 99% used [0x00000000e8380000,0x00000000e8fff458,0x00000000e9000000)
  to   space 15360K, 0% used [0x00000000ec300000,0x00000000ec300000,0x00000000ed200000)
 ParOldGen       total 84480K, used 20406K [0x00000000a0000000, 0x00000000a5280000, 0x00000000e0000000)
  object space 84480K, 24% used [0x00000000a0000000,0x00000000a13edba0,0x00000000a5280000)
 Metaspace       used 54918K, capacity 56968K, committed 57088K, reserved 1099776K
  class space    used 7190K, capacity 7611K, committed 7680K, reserved 1048576K
}
Event: 24.247 GC heap before
{Heap before GC invocations=16 (full 2):
 PSYoungGen      total 147456K, used 95995K [0x00000000e0000000, 0x00000000ed200000, 0x0000000100000000)
  eden space 134656K, 61% used [0x00000000e0000000,0x00000000e513f958,0x00000000e8380000)
  from space 12800K, 99% used [0x00000000e8380000,0x00000000e8fff458,0x00000000e9000000)
  to   space 15360K, 0% used [0x00000000ec300000,0x00000000ec300000,0x00000000ed200000)
 ParOldGen       total 84480K, used 20406K [0x00000000a0000000, 0x00000000a5280000, 0x00000000e0000000)
  object space 84480K, 24% used [0x00000000a0000000,0x00000000a13edba0,0x00000000a5280000)
 Metaspace       used 56681K, capacity 59002K, committed 59096K, reserved 1099776K
  class space    used 7461K, capacity 7989K, committed 8064K, reserved 1048576K
Event: 24.293 GC heap after
Heap after GC invocations=16 (full 2):
 PSYoungGen      total 195584K, used 7552K [0x00000000e0000000, 0x00000000ecf80000, 0x0000000100000000)
  eden space 182784K, 0% used [0x00000000e0000000,0x00000000e0000000,0x00000000eb280000)
  from space 12800K, 59% used [0x00000000ec300000,0x00000000eca603e0,0x00000000ecf80000)
  to   space 14848K, 0% used [0x00000000eb280000,0x00000000eb280000,0x00000000ec100000)
 ParOldGen       total 84480K, used 26769K [0x00000000a0000000, 0x00000000a5280000, 0x00000000e0000000)
  object space 84480K, 31% used [0x00000000a0000000,0x00000000a1a24720,0x00000000a5280000)
 Metaspace       used 56681K, capacity 59002K, committed 59096K, reserved 1099776K
  class space    used 7461K, capacity 7989K, committed 8064K, reserved 1048576K
}
Event: 24.293 GC heap before
{Heap before GC invocations=17 (full 3):
 PSYoungGen      total 195584K, used 7552K [0x00000000e0000000, 0x00000000ecf80000, 0x0000000100000000)
  eden space 182784K, 0% used [0x00000000e0000000,0x00000000e0000000,0x00000000eb280000)
  from space 12800K, 59% used [0x00000000ec300000,0x00000000eca603e0,0x00000000ecf80000)
  to   space 14848K, 0% used [0x00000000eb280000,0x00000000eb280000,0x00000000ec100000)
 ParOldGen       total 84480K, used 26769K [0x00000000a0000000, 0x00000000a5280000, 0x00000000e0000000)
  object space 84480K, 31% used [0x00000000a0000000,0x00000000a1a24720,0x00000000a5280000)
 Metaspace       used 56681K, capacity 59002K, committed 59096K, reserved 1099776K
  class space    used 7461K, capacity 7989K, committed 8064K, reserved 1048576K
Event: 24.957 GC heap after
Heap after GC invocations=17 (full 3):
 PSYoungGen      total 195584K, used 0K [0x00000000e0000000, 0x00000000ecf80000, 0x0000000100000000)
  eden space 182784K, 0% used [0x00000000e0000000,0x00000000e0000000,0x00000000eb280000)
  from space 12800K, 0% used [0x00000000ec300000,0x00000000ec300000,0x00000000ecf80000)
  to   space 14848K, 0% used [0x00000000eb280000,0x00000000eb280000,0x00000000ec100000)
 ParOldGen       total 125440K, used 32955K [0x00000000a0000000, 0x00000000a7a80000, 0x00000000e0000000)
  object space 125440K, 26% used [0x00000000a0000000,0x00000000a202ec98,0x00000000a7a80000)
 Metaspace       used 56641K, capacity 58882K, committed 59096K, reserved 1099776K
  class space    used 7451K, capacity 7949K, committed 8064K, reserved 1048576K
}
Event: 32.142 GC heap before
{Heap before GC invocations=18 (full 3):
 PSYoungGen      total 195584K, used 182784K [0x00000000e0000000, 0x00000000ecf80000, 0x0000000100000000)
  eden space 182784K, 100% used [0x00000000e0000000,0x00000000eb280000,0x00000000eb280000)
  from space 12800K, 0% used [0x00000000ec300000,0x00000000ec300000,0x00000000ecf80000)
  to   space 14848K, 0% used [0x00000000eb280000,0x00000000eb280000,0x00000000ec100000)
 ParOldGen       total 125440K, used 32955K [0x00000000a0000000, 0x00000000a7a80000, 0x00000000e0000000)
  object space 125440K, 26% used [0x00000000a0000000,0x00000000a202ec98,0x00000000a7a80000)
 Metaspace       used 66574K, capacity 69482K, committed 69760K, reserved 1110016K
  class space    used 9070K, capacity 9729K, committed 9856K, reserved 1048576K
Event: 32.174 GC heap after
Heap after GC invocations=18 (full 3):
 PSYoungGen      total 197632K, used 14835K [0x00000000e0000000, 0x00000000f0280000, 0x0000000100000000)
  eden space 182784K, 0% used [0x00000000e0000000,0x00000000e0000000,0x00000000eb280000)
  from space 14848K, 99% used [0x00000000eb280000,0x00000000ec0fcd88,0x00000000ec100000)
  to   space 17920K, 0% used [0x00000000ef100000,0x00000000ef100000,0x00000000f0280000)
 ParOldGen       total 125440K, used 36249K [0x00000000a0000000, 0x00000000a7a80000, 0x00000000e0000000)
  object space 125440K, 28% used [0x00000000a0000000,0x00000000a23664d8,0x00000000a7a80000)
 Metaspace       used 66574K, capacity 69482K, committed 69760K, reserved 1110016K
  class space    used 9070K, capacity 9729K, committed 9856K, reserved 1048576K
}

