# JRE version: OpenJDK Runtime Environment (8.0_202-b03) (build 1.8.0_202-release-1483-b03)
# Java VM: OpenJDK 64-Bit Server VM (25.202-b03 mixed mode windows-amd64 compressed oops)
Heap:
 PSYoungGen      total 366592K, used 349418K [0x00000000e0000000, 0x00000000f7680000, 0x0000000100000000)
  eden space 349696K, 99% used [0x00000000e0000000,0x00000000f553ab20,0x00000000f5580000)
  from space 16896K, 0% used [0x00000000f6600000,0x00000000f6600000,0x00000000f7680000)
  to   space 16896K, 0% used [0x00000000f5580000,0x00000000f5580000,0x00000000f6600000)
 ParOldGen       total 102400K, used 34783K [0x00000000a0000000, 0x00000000a6400000, 0x00000000e0000000)
  object space 102400K, 33% used [0x00000000a0000000,0x00000000a21f7e20,0x00000000a6400000)
 Metaspace       used 68258K, capacity 72148K, committed 72320K, reserved 1112064K
  class space    used 9506K, capacity 10337K, committed 10368K, reserved 1048576K
GC Heap History (10 events):
Event: 14.138 GC heap before
{Heap before GC invocations=11 (full 2):
 PSYoungGen      total 161792K, used 8016K [0x00000000e0000000, 0x00000000eff00000, 0x0000000100000000)
  eden space 148480K, 0% used [0x00000000e0000000,0x00000000e0000000,0x00000000e9100000)
  from space 13312K, 60% used [0x00000000e9100000,0x00000000e98d4010,0x00000000e9e00000)
  to   space 12800K, 0% used [0x00000000ef280000,0x00000000ef280000,0x00000000eff00000)
 ParOldGen       total 58368K, used 7403K [0x00000000a0000000, 0x00000000a3900000, 0x00000000e0000000)
  object space 58368K, 12% used [0x00000000a0000000,0x00000000a073aeb8,0x00000000a3900000)
 Metaspace       used 34301K, capacity 35384K, committed 35456K, reserved 1079296K
  class space    used 4702K, capacity 4963K, committed 4992K, reserved 1048576K
Event: 14.241 GC heap after
Heap after GC invocations=11 (full 2):
 PSYoungGen      total 161792K, used 0K [0x00000000e0000000, 0x00000000eff00000, 0x0000000100000000)
  eden space 148480K, 0% used [0x00000000e0000000,0x00000000e0000000,0x00000000e9100000)
  from space 13312K, 0% used [0x00000000e9100000,0x00000000e9100000,0x00000000e9e00000)
  to   space 12800K, 0% used [0x00000000ef280000,0x00000000ef280000,0x00000000eff00000)
 ParOldGen       total 69632K, used 14773K [0x00000000a0000000, 0x00000000a4400000, 0x00000000e0000000)
  object space 69632K, 21% used [0x00000000a0000000,0x00000000a0e6d7c8,0x00000000a4400000)
 Metaspace       used 34301K, capacity 35384K, committed 35456K, reserved 1079296K
  class space    used 4702K, capacity 4963K, committed 4992K, reserved 1048576K
}
Event: 16.464 GC heap before
{Heap before GC invocations=12 (full 2):
 PSYoungGen      total 161792K, used 148480K [0x00000000e0000000, 0x00000000eff00000, 0x0000000100000000)
  eden space 148480K, 100% used [0x00000000e0000000,0x00000000e9100000,0x00000000e9100000)
  from space 13312K, 0% used [0x00000000e9100000,0x00000000e9100000,0x00000000e9e00000)
  to   space 12800K, 0% used [0x00000000ef280000,0x00000000ef280000,0x00000000eff00000)
 ParOldGen       total 69632K, used 14773K [0x00000000a0000000, 0x00000000a4400000, 0x00000000e0000000)
  object space 69632K, 21% used [0x00000000a0000000,0x00000000a0e6d7c8,0x00000000a4400000)
 Metaspace       used 38895K, capacity 40568K, committed 40832K, reserved 1085440K
  class space    used 5331K, capacity 5715K, committed 5760K, reserved 1048576K
Event: 16.477 GC heap after
Heap after GC invocations=12 (full 2):
 PSYoungGen      total 237056K, used 7956K [0x00000000e0000000, 0x00000000efa80000, 0x0000000100000000)
  eden space 228864K, 0% used [0x00000000e0000000,0x00000000e0000000,0x00000000edf80000)
  from space 8192K, 97% used [0x00000000ef280000,0x00000000efa45230,0x00000000efa80000)
  to   space 12288K, 0% used [0x00000000ee280000,0x00000000ee280000,0x00000000eee80000)
 ParOldGen       total 69632K, used 14781K [0x00000000a0000000, 0x00000000a4400000, 0x00000000e0000000)
  object space 69632K, 21% used [0x00000000a0000000,0x00000000a0e6f7c8,0x00000000a4400000)
 Metaspace       used 38895K, capacity 40568K, committed 40832K, reserved 1085440K
  class space    used 5331K, capacity 5715K, committed 5760K, reserved 1048576K
}
Event: 20.747 GC heap before
{Heap before GC invocations=13 (full 2):
 PSYoungGen      total 237056K, used 236820K [0x00000000e0000000, 0x00000000efa80000, 0x0000000100000000)
  eden space 228864K, 100% used [0x00000000e0000000,0x00000000edf80000,0x00000000edf80000)
  from space 8192K, 97% used [0x00000000ef280000,0x00000000efa45230,0x00000000efa80000)
  to   space 12288K, 0% used [0x00000000ee280000,0x00000000ee280000,0x00000000eee80000)
 ParOldGen       total 69632K, used 14781K [0x00000000a0000000, 0x00000000a4400000, 0x00000000e0000000)
  object space 69632K, 21% used [0x00000000a0000000,0x00000000a0e6f7c8,0x00000000a4400000)
 Metaspace       used 52450K, capacity 54644K, committed 54912K, reserved 1097728K
  class space    used 7018K, capacity 7496K, committed 7552K, reserved 1048576K
Event: 20.853 GC heap after
Heap after GC invocations=13 (full 2):
 PSYoungGen      total 244224K, used 12266K [0x00000000e0000000, 0x00000000f7700000, 0x0000000100000000)
  eden space 231936K, 0% used [0x00000000e0000000,0x00000000e0000000,0x00000000ee280000)
  from space 12288K, 99% used [0x00000000ee280000,0x00000000eee7a9e8,0x00000000eee80000)
  to   space 17408K, 0% used [0x00000000f6600000,0x00000000f6600000,0x00000000f7700000)
 ParOldGen       total 69632K, used 25774K [0x00000000a0000000, 0x00000000a4400000, 0x00000000e0000000)
  object space 69632K, 37% used [0x00000000a0000000,0x00000000a192ba98,0x00000000a4400000)
 Metaspace       used 52450K, capacity 54644K, committed 54912K, reserved 1097728K
  class space    used 7018K, capacity 7496K, committed 7552K, reserved 1048576K
}
Event: 22.380 GC heap before
{Heap before GC invocations=14 (full 2):
 PSYoungGen      total 244224K, used 77543K [0x00000000e0000000, 0x00000000f7700000, 0x0000000100000000)
  eden space 231936K, 28% used [0x00000000e0000000,0x00000000e3fbf488,0x00000000ee280000)
  from space 12288K, 99% used [0x00000000ee280000,0x00000000eee7a9e8,0x00000000eee80000)
  to   space 17408K, 0% used [0x00000000f6600000,0x00000000f6600000,0x00000000f7700000)
 ParOldGen       total 69632K, used 25774K [0x00000000a0000000, 0x00000000a4400000, 0x00000000e0000000)
  object space 69632K, 37% used [0x00000000a0000000,0x00000000a192ba98,0x00000000a4400000)
 Metaspace       used 56520K, capacity 59070K, committed 59096K, reserved 1099776K
  class space    used 7712K, capacity 8303K, committed 8320K, reserved 1048576K
Event: 22.413 GC heap after
Heap after GC invocations=14 (full 2):
 PSYoungGen      total 366592K, used 7145K [0x00000000e0000000, 0x00000000f7680000, 0x0000000100000000)
  eden space 349696K, 0% used [0x00000000e0000000,0x00000000e0000000,0x00000000f5580000)
  from space 16896K, 42% used [0x00000000f6600000,0x00000000f6cfa688,0x00000000f7680000)
  to   space 16896K, 0% used [0x00000000f5580000,0x00000000f5580000,0x00000000f6600000)
 ParOldGen       total 69632K, used 36582K [0x00000000a0000000, 0x00000000a4400000, 0x00000000e0000000)
  object space 69632K, 52% used [0x00000000a0000000,0x00000000a23b9888,0x00000000a4400000)
 Metaspace       used 56520K, capacity 59070K, committed 59096K, reserved 1099776K
  class space    used 7712K, capacity 8303K, committed 8320K, reserved 1048576K
}
Event: 22.413 GC heap before
{Heap before GC invocations=15 (full 3):
 PSYoungGen      total 366592K, used 7145K [0x00000000e0000000, 0x00000000f7680000, 0x0000000100000000)
  eden space 349696K, 0% used [0x00000000e0000000,0x00000000e0000000,0x00000000f5580000)
  from space 16896K, 42% used [0x00000000f6600000,0x00000000f6cfa688,0x00000000f7680000)
  to   space 16896K, 0% used [0x00000000f5580000,0x00000000f5580000,0x00000000f6600000)
 ParOldGen       total 69632K, used 36582K [0x00000000a0000000, 0x00000000a4400000, 0x00000000e0000000)
  object space 69632K, 52% used [0x00000000a0000000,0x00000000a23b9888,0x00000000a4400000)
 Metaspace       used 56520K, capacity 59070K, committed 59096K, reserved 1099776K
  class space    used 7712K, capacity 8303K, committed 8320K, reserved 1048576K
Event: 22.780 GC heap after
Heap after GC invocations=15 (full 3):
 PSYoungGen      total 366592K, used 0K [0x00000000e0000000, 0x00000000f7680000, 0x0000000100000000)
  eden space 349696K, 0% used [0x00000000e0000000,0x00000000e0000000,0x00000000f5580000)
  from space 16896K, 0% used [0x00000000f6600000,0x00000000f6600000,0x00000000f7680000)
  to   space 16896K, 0% used [0x00000000f5580000,0x00000000f5580000,0x00000000f6600000)
 ParOldGen       total 102400K, used 34783K [0x00000000a0000000, 0x00000000a6400000, 0x00000000e0000000)
  object space 102400K, 33% used [0x00000000a0000000,0x00000000a21f7e20,0x00000000a6400000)
 Metaspace       used 56507K, capacity 59028K, committed 59096K, reserved 1099776K
  class space    used 7708K, capacity 8296K, committed 8320K, reserved 1048576K
}

