# JRE version: OpenJDK Runtime Environment (8.0_202-b03) (build 1.8.0_202-release-1483-b03)
# Java VM: OpenJDK 64-Bit Server VM (25.202-b03 mixed mode windows-amd64 compressed oops)
Heap:
 PSYoungGen      total 202240K, used 84158K [0x00000000e0000000, 0x00000000ed980000, 0x0000000100000000)
  eden space 188928K, 37% used [0x00000000e0000000,0x00000000e4537108,0x00000000eb880000)
  from space 13312K, 99% used [0x00000000ec900000,0x00000000ed5f8a98,0x00000000ed600000)
  to   space 16896K, 0% used [0x00000000eb880000,0x00000000eb880000,0x00000000ec900000)
 ParOldGen       total 92672K, used 23983K [0x00000000a0000000, 0x00000000a5a80000, 0x00000000e0000000)
  object space 92672K, 25% used [0x00000000a0000000,0x00000000a176bce0,0x00000000a5a80000)
 Metaspace       used 52597K, capacity 54878K, committed 55168K, reserved 1097728K
  class space    used 7017K, capacity 7475K, committed 7552K, reserved 1048576K
GC Heap History (10 events):
Event: 13.043 GC heap before
{Heap before GC invocations=8 (full 1):
 PSYoungGen      total 92672K, used 81920K [0x00000000e0000000, 0x00000000e6600000, 0x0000000100000000)
  eden space 81920K, 100% used [0x00000000e0000000,0x00000000e5000000,0x00000000e5000000)
  from space 10752K, 0% used [0x00000000e5b80000,0x00000000e5b80000,0x00000000e6600000)
  to   space 11264K, 0% used [0x00000000e5000000,0x00000000e5000000,0x00000000e5b00000)
 ParOldGen       total 60928K, used 7527K [0x00000000a0000000, 0x00000000a3b80000, 0x00000000e0000000)
  object space 60928K, 12% used [0x00000000a0000000,0x00000000a0759c40,0x00000000a3b80000)
 Metaspace       used 30082K, capacity 30964K, committed 31232K, reserved 1077248K
  class space    used 4106K, capacity 4332K, committed 4352K, reserved 1048576K
Event: 13.060 GC heap after
Heap after GC invocations=8 (full 1):
 PSYoungGen      total 93184K, used 10026K [0x00000000e0000000, 0x00000000ea500000, 0x0000000100000000)
  eden space 81920K, 0% used [0x00000000e0000000,0x00000000e0000000,0x00000000e5000000)
  from space 11264K, 89% used [0x00000000e5000000,0x00000000e59caa70,0x00000000e5b00000)
  to   space 12288K, 0% used [0x00000000e9900000,0x00000000e9900000,0x00000000ea500000)
 ParOldGen       total 60928K, used 7535K [0x00000000a0000000, 0x00000000a3b80000, 0x00000000e0000000)
  object space 60928K, 12% used [0x00000000a0000000,0x00000000a075bc40,0x00000000a3b80000)
 Metaspace       used 30082K, capacity 30964K, committed 31232K, reserved 1077248K
  class space    used 4106K, capacity 4332K, committed 4352K, reserved 1048576K
}
Event: 15.819 GC heap before
{Heap before GC invocations=9 (full 1):
 PSYoungGen      total 93184K, used 90542K [0x00000000e0000000, 0x00000000ea500000, 0x0000000100000000)
  eden space 81920K, 98% used [0x00000000e0000000,0x00000000e4ea1148,0x00000000e5000000)
  from space 11264K, 89% used [0x00000000e5000000,0x00000000e59caa70,0x00000000e5b00000)
  to   space 12288K, 0% used [0x00000000e9900000,0x00000000e9900000,0x00000000ea500000)
 ParOldGen       total 60928K, used 7535K [0x00000000a0000000, 0x00000000a3b80000, 0x00000000e0000000)
  object space 60928K, 12% used [0x00000000a0000000,0x00000000a075bc40,0x00000000a3b80000)
 Metaspace       used 34321K, capacity 35390K, committed 35456K, reserved 1079296K
  class space    used 4695K, capacity 4964K, committed 4992K, reserved 1048576K
Event: 15.883 GC heap after
Heap after GC invocations=9 (full 1):
 PSYoungGen      total 155648K, used 11576K [0x00000000e0000000, 0x00000000ea780000, 0x0000000100000000)
  eden space 143360K, 0% used [0x00000000e0000000,0x00000000e0000000,0x00000000e8c00000)
  from space 12288K, 94% used [0x00000000e9900000,0x00000000ea44e018,0x00000000ea500000)
  to   space 13312K, 0% used [0x00000000e8c00000,0x00000000e8c00000,0x00000000e9900000)
 ParOldGen       total 60928K, used 7543K [0x00000000a0000000, 0x00000000a3b80000, 0x00000000e0000000)
  object space 60928K, 12% used [0x00000000a0000000,0x00000000a075dc40,0x00000000a3b80000)
 Metaspace       used 34321K, capacity 35390K, committed 35456K, reserved 1079296K
  class space    used 4695K, capacity 4964K, committed 4992K, reserved 1048576K
}
Event: 15.883 GC heap before
{Heap before GC invocations=10 (full 2):
 PSYoungGen      total 155648K, used 11576K [0x00000000e0000000, 0x00000000ea780000, 0x0000000100000000)
  eden space 143360K, 0% used [0x00000000e0000000,0x00000000e0000000,0x00000000e8c00000)
  from space 12288K, 94% used [0x00000000e9900000,0x00000000ea44e018,0x00000000ea500000)
  to   space 13312K, 0% used [0x00000000e8c00000,0x00000000e8c00000,0x00000000e9900000)
 ParOldGen       total 60928K, used 7543K [0x00000000a0000000, 0x00000000a3b80000, 0x00000000e0000000)
  object space 60928K, 12% used [0x00000000a0000000,0x00000000a075dc40,0x00000000a3b80000)
 Metaspace       used 34321K, capacity 35390K, committed 35456K, reserved 1079296K
  class space    used 4695K, capacity 4964K, committed 4992K, reserved 1048576K
Event: 16.009 GC heap after
Heap after GC invocations=10 (full 2):
 PSYoungGen      total 155648K, used 0K [0x00000000e0000000, 0x00000000ea780000, 0x0000000100000000)
  eden space 143360K, 0% used [0x00000000e0000000,0x00000000e0000000,0x00000000e8c00000)
  from space 12288K, 0% used [0x00000000e9900000,0x00000000e9900000,0x00000000ea500000)
  to   space 13312K, 0% used [0x00000000e8c00000,0x00000000e8c00000,0x00000000e9900000)
 ParOldGen       total 92672K, used 18251K [0x00000000a0000000, 0x00000000a5a80000, 0x00000000e0000000)
  object space 92672K, 19% used [0x00000000a0000000,0x00000000a11d2d90,0x00000000a5a80000)
 Metaspace       used 34321K, capacity 35390K, committed 35456K, reserved 1079296K
  class space    used 4695K, capacity 4964K, committed 4992K, reserved 1048576K
}
Event: 20.176 GC heap before
{Heap before GC invocations=11 (full 2):
 PSYoungGen      total 155648K, used 143360K [0x00000000e0000000, 0x00000000ea780000, 0x0000000100000000)
  eden space 143360K, 100% used [0x00000000e0000000,0x00000000e8c00000,0x00000000e8c00000)
  from space 12288K, 0% used [0x00000000e9900000,0x00000000e9900000,0x00000000ea500000)
  to   space 13312K, 0% used [0x00000000e8c00000,0x00000000e8c00000,0x00000000e9900000)
 ParOldGen       total 92672K, used 18251K [0x00000000a0000000, 0x00000000a5a80000, 0x00000000e0000000)
  object space 92672K, 19% used [0x00000000a0000000,0x00000000a11d2d90,0x00000000a5a80000)
 Metaspace       used 40064K, capacity 41830K, committed 41984K, reserved 1085440K
  class space    used 5470K, capacity 5864K, committed 5888K, reserved 1048576K
Event: 20.239 GC heap after
Heap after GC invocations=11 (full 2):
 PSYoungGen      total 156672K, used 9056K [0x00000000e0000000, 0x00000000ed600000, 0x0000000100000000)
  eden space 143360K, 0% used [0x00000000e0000000,0x00000000e0000000,0x00000000e8c00000)
  from space 13312K, 68% used [0x00000000e8c00000,0x00000000e94d82b8,0x00000000e9900000)
  to   space 13312K, 0% used [0x00000000ec900000,0x00000000ec900000,0x00000000ed600000)
 ParOldGen       total 92672K, used 18259K [0x00000000a0000000, 0x00000000a5a80000, 0x00000000e0000000)
  object space 92672K, 19% used [0x00000000a0000000,0x00000000a11d4d90,0x00000000a5a80000)
 Metaspace       used 40064K, capacity 41830K, committed 41984K, reserved 1085440K
  class space    used 5470K, capacity 5864K, committed 5888K, reserved 1048576K
}
Event: 24.935 GC heap before
{Heap before GC invocations=12 (full 2):
 PSYoungGen      total 156672K, used 152416K [0x00000000e0000000, 0x00000000ed600000, 0x0000000100000000)
  eden space 143360K, 100% used [0x00000000e0000000,0x00000000e8c00000,0x00000000e8c00000)
  from space 13312K, 68% used [0x00000000e8c00000,0x00000000e94d82b8,0x00000000e9900000)
  to   space 13312K, 0% used [0x00000000ec900000,0x00000000ec900000,0x00000000ed600000)
 ParOldGen       total 92672K, used 18259K [0x00000000a0000000, 0x00000000a5a80000, 0x00000000e0000000)
  object space 92672K, 19% used [0x00000000a0000000,0x00000000a11d4d90,0x00000000a5a80000)
 Metaspace       used 51761K, capacity 53830K, committed 54016K, reserved 1095680K
  class space    used 6893K, capacity 7327K, committed 7424K, reserved 1048576K
Event: 24.966 GC heap after
Heap after GC invocations=12 (full 2):
 PSYoungGen      total 202240K, used 13282K [0x00000000e0000000, 0x00000000ed980000, 0x0000000100000000)
  eden space 188928K, 0% used [0x00000000e0000000,0x00000000e0000000,0x00000000eb880000)
  from space 13312K, 99% used [0x00000000ec900000,0x00000000ed5f8a98,0x00000000ed600000)
  to   space 16896K, 0% used [0x00000000eb880000,0x00000000eb880000,0x00000000ec900000)
 ParOldGen       total 92672K, used 23983K [0x00000000a0000000, 0x00000000a5a80000, 0x00000000e0000000)
  object space 92672K, 25% used [0x00000000a0000000,0x00000000a176bce0,0x00000000a5a80000)
 Metaspace       used 51761K, capacity 53830K, committed 54016K, reserved 1095680K
  class space    used 6893K, capacity 7327K, committed 7424K, reserved 1048576K
}

